2021-11-25 09:49:59.419  INFO 766 --- [main] c.example.demo.SpringMvcAppApplication   : Starting SpringMvcAppApplication using Java 11.0.13 on nilay-HP-EliteBook-840-G3 with PID 766 (/home/nilay/IdeaProjects/spring-mvc-app/target/classes started by nilay in /home/nilay/IdeaProjects/spring-mvc-app)
2021-11-25 09:49:59.427  INFO 766 --- [main] c.example.demo.SpringMvcAppApplication   : No active profile set, falling back to default profiles: default
2021-11-25 09:50:00.487  INFO 766 --- [main] o.s.b.w.embedded.tomcat.TomcatWebServer  : Tomcat initialized with port(s): 9999 (http)
2021-11-25 09:50:00.495  INFO 766 --- [main] o.apache.catalina.core.StandardService   : Starting service [Tomcat]
2021-11-25 09:50:00.495  INFO 766 --- [main] org.apache.catalina.core.StandardEngine  : Starting Servlet engine: [Apache Tomcat/9.0.55]
2021-11-25 09:50:00.794  INFO 766 --- [main] org.apache.jasper.servlet.TldScanner     : At least one JAR was scanned for TLDs yet contained no TLDs. Enable debug logging for this logger for a complete list of JARs that were scanned but no TLDs were found in them. Skipping unneeded JARs during scanning can improve startup time and JSP compilation time.
2021-11-25 09:50:00.810  INFO 766 --- [main] o.a.c.c.C.[Tomcat].[localhost].[/]       : Initializing Spring embedded WebApplicationContext
2021-11-25 09:50:00.810  INFO 766 --- [main] w.s.c.ServletWebServerApplicationContext : Root WebApplicationContext: initialization completed in 1291 ms
2021-11-25 09:50:01.133  INFO 766 --- [main] o.s.b.w.embedded.tomcat.TomcatWebServer  : Tomcat started on port(s): 9999 (http) with context path ''
2021-11-25 09:50:01.154  INFO 766 --- [main] c.example.demo.SpringMvcAppApplication   : Started SpringMvcAppApplication in 2.437 seconds (JVM running for 3.462)
2021-11-25 09:50:27.020  INFO 766 --- [http-nio-9999-exec-1] o.a.c.c.C.[Tomcat].[localhost].[/]       : Initializing Spring DispatcherServlet 'dispatcherServlet'
2021-11-25 09:50:27.022  INFO 766 --- [http-nio-9999-exec-1] o.s.web.servlet.DispatcherServlet        : Initializing Servlet 'dispatcherServlet'
2021-11-25 09:50:27.024  INFO 766 --- [http-nio-9999-exec-1] o.s.web.servlet.DispatcherServlet        : Completed initialization in 1 ms
2021-11-25 09:50:27.042  INFO 766 --- [http-nio-9999-exec-1] c.e.demo.controller.HomeController       : 9999
2021-11-25 10:49:42.031  INFO 981 --- [main] c.example.demo.SpringMvcAppApplication   : Starting SpringMvcAppApplication using Java 11.0.13 on nilay-HP-EliteBook-840-G3 with PID 981 (/home/nilay/IdeaProjects/spring-mvc-app/target/classes started by nilay in /home/nilay/IdeaProjects/spring-mvc-app)
2021-11-25 10:49:42.041  INFO 981 --- [main] c.example.demo.SpringMvcAppApplication   : No active profile set, falling back to default profiles: default
2021-11-25 10:49:43.480  INFO 981 --- [main] o.s.b.w.embedded.tomcat.TomcatWebServer  : Tomcat initialized with port(s): 9999 (http)
2021-11-25 10:49:43.490  INFO 981 --- [main] o.apache.catalina.core.StandardService   : Starting service [Tomcat]
2021-11-25 10:49:43.490  INFO 981 --- [main] org.apache.catalina.core.StandardEngine  : Starting Servlet engine: [Apache Tomcat/9.0.55]
2021-11-25 10:49:43.793  INFO 981 --- [main] org.apache.jasper.servlet.TldScanner     : At least one JAR was scanned for TLDs yet contained no TLDs. Enable debug logging for this logger for a complete list of JARs that were scanned but no TLDs were found in them. Skipping unneeded JARs during scanning can improve startup time and JSP compilation time.
2021-11-25 10:49:43.807  INFO 981 --- [main] o.a.c.c.C.[Tomcat].[localhost].[/]       : Initializing Spring embedded WebApplicationContext
2021-11-25 10:49:43.807  INFO 981 --- [main] w.s.c.ServletWebServerApplicationContext : Root WebApplicationContext: initialization completed in 1591 ms
2021-11-25 10:49:44.161  INFO 981 --- [main] o.s.b.w.embedded.tomcat.TomcatWebServer  : Tomcat started on port(s): 9999 (http) with context path ''
2021-11-25 10:49:44.175  INFO 981 --- [main] c.example.demo.SpringMvcAppApplication   : Started SpringMvcAppApplication in 3.067 seconds (JVM running for 4.592)
2021-11-25 10:49:57.916  INFO 981 --- [http-nio-9999-exec-1] o.a.c.c.C.[Tomcat].[localhost].[/]       : Initializing Spring DispatcherServlet 'dispatcherServlet'
2021-11-25 10:49:57.918  INFO 981 --- [http-nio-9999-exec-1] o.s.web.servlet.DispatcherServlet        : Initializing Servlet 'dispatcherServlet'
2021-11-25 10:49:57.920  INFO 981 --- [http-nio-9999-exec-1] o.s.web.servlet.DispatcherServlet        : Completed initialization in 1 ms
2021-11-25 10:49:57.942  INFO 981 --- [http-nio-9999-exec-1] c.e.demo.controller.HomeController       : 9999
2021-11-25 10:56:58.229  INFO 1105 --- [main] c.example.demo.SpringMvcAppApplication   : Starting SpringMvcAppApplication using Java 11.0.13 on nilay-HP-EliteBook-840-G3 with PID 1105 (/home/nilay/IdeaProjects/spring-mvc-app/target/classes started by nilay in /home/nilay/IdeaProjects/spring-mvc-app)
2021-11-25 10:56:58.232  INFO 1105 --- [main] c.example.demo.SpringMvcAppApplication   : No active profile set, falling back to default profiles: default
2021-11-25 10:56:59.309  INFO 1105 --- [main] o.s.b.w.embedded.tomcat.TomcatWebServer  : Tomcat initialized with port(s): 9999 (http)
2021-11-25 10:56:59.317  INFO 1105 --- [main] o.apache.catalina.core.StandardService   : Starting service [Tomcat]
2021-11-25 10:56:59.318  INFO 1105 --- [main] org.apache.catalina.core.StandardEngine  : Starting Servlet engine: [Apache Tomcat/9.0.55]
2021-11-25 10:56:59.635  INFO 1105 --- [main] org.apache.jasper.servlet.TldScanner     : At least one JAR was scanned for TLDs yet contained no TLDs. Enable debug logging for this logger for a complete list of JARs that were scanned but no TLDs were found in them. Skipping unneeded JARs during scanning can improve startup time and JSP compilation time.
2021-11-25 10:56:59.647  INFO 1105 --- [main] o.a.c.c.C.[Tomcat].[localhost].[/]       : Initializing Spring embedded WebApplicationContext
2021-11-25 10:56:59.647  INFO 1105 --- [main] w.s.c.ServletWebServerApplicationContext : Root WebApplicationContext: initialization completed in 1274 ms
2021-11-25 10:56:59.975  INFO 1105 --- [main] o.s.b.w.embedded.tomcat.TomcatWebServer  : Tomcat started on port(s): 9999 (http) with context path ''
2021-11-25 10:56:59.991  INFO 1105 --- [main] c.example.demo.SpringMvcAppApplication   : Started SpringMvcAppApplication in 2.469 seconds (JVM running for 3.569)
2021-11-25 10:57:06.173  INFO 1105 --- [http-nio-9999-exec-1] o.a.c.c.C.[Tomcat].[localhost].[/]       : Initializing Spring DispatcherServlet 'dispatcherServlet'
2021-11-25 10:57:06.175  INFO 1105 --- [http-nio-9999-exec-1] o.s.web.servlet.DispatcherServlet        : Initializing Servlet 'dispatcherServlet'
2021-11-25 10:57:06.177  INFO 1105 --- [http-nio-9999-exec-1] o.s.web.servlet.DispatcherServlet        : Completed initialization in 2 ms
2021-11-25 10:57:06.204  INFO 1105 --- [http-nio-9999-exec-1] c.e.demo.controller.HomeController       : 9999
2021-11-25 10:57:20.409  INFO 1105 --- [http-nio-9999-exec-2] c.e.demo.controller.HomeController       : John
2021-11-25 10:58:47.637  INFO 1200 --- [main] c.example.demo.SpringMvcAppApplication   : Starting SpringMvcAppApplication using Java 11.0.13 on nilay-HP-EliteBook-840-G3 with PID 1200 (/home/nilay/IdeaProjects/spring-mvc-app/target/classes started by nilay in /home/nilay/IdeaProjects/spring-mvc-app)
2021-11-25 10:58:47.641  INFO 1200 --- [main] c.example.demo.SpringMvcAppApplication   : No active profile set, falling back to default profiles: default
2021-11-25 10:58:48.786  INFO 1200 --- [main] o.s.b.w.embedded.tomcat.TomcatWebServer  : Tomcat initialized with port(s): 9999 (http)
2021-11-25 10:58:48.795  INFO 1200 --- [main] o.apache.catalina.core.StandardService   : Starting service [Tomcat]
2021-11-25 10:58:48.795  INFO 1200 --- [main] org.apache.catalina.core.StandardEngine  : Starting Servlet engine: [Apache Tomcat/9.0.55]
2021-11-25 10:58:49.092  INFO 1200 --- [main] org.apache.jasper.servlet.TldScanner     : At least one JAR was scanned for TLDs yet contained no TLDs. Enable debug logging for this logger for a complete list of JARs that were scanned but no TLDs were found in them. Skipping unneeded JARs during scanning can improve startup time and JSP compilation time.
2021-11-25 10:58:49.104  INFO 1200 --- [main] o.a.c.c.C.[Tomcat].[localhost].[/]       : Initializing Spring embedded WebApplicationContext
2021-11-25 10:58:49.104  INFO 1200 --- [main] w.s.c.ServletWebServerApplicationContext : Root WebApplicationContext: initialization completed in 1375 ms
2021-11-25 10:58:49.430  INFO 1200 --- [main] o.s.b.w.embedded.tomcat.TomcatWebServer  : Tomcat started on port(s): 9999 (http) with context path ''
2021-11-25 10:58:49.445  INFO 1200 --- [main] c.example.demo.SpringMvcAppApplication   : Started SpringMvcAppApplication in 2.471 seconds (JVM running for 3.439)
2021-11-25 10:58:55.599  INFO 1200 --- [http-nio-9999-exec-1] o.a.c.c.C.[Tomcat].[localhost].[/]       : Initializing Spring DispatcherServlet 'dispatcherServlet'
2021-11-25 10:58:55.600  INFO 1200 --- [http-nio-9999-exec-1] o.s.web.servlet.DispatcherServlet        : Initializing Servlet 'dispatcherServlet'
2021-11-25 10:58:55.602  INFO 1200 --- [http-nio-9999-exec-1] o.s.web.servlet.DispatcherServlet        : Completed initialization in 1 ms
2021-11-25 10:58:55.621  INFO 1200 --- [http-nio-9999-exec-1] c.e.demo.controller.HomeController       : 9999
2021-11-25 10:58:58.017  INFO 1200 --- [http-nio-9999-exec-2] c.e.demo.controller.HomeController       : John
2021-11-25 11:00:41.070  INFO 1308 --- [main] c.example.demo.SpringMvcAppApplication   : Starting SpringMvcAppApplication using Java 11.0.13 on nilay-HP-EliteBook-840-G3 with PID 1308 (/home/nilay/IdeaProjects/spring-mvc-app/target/classes started by nilay in /home/nilay/IdeaProjects/spring-mvc-app)
2021-11-25 11:00:41.081  INFO 1308 --- [main] c.example.demo.SpringMvcAppApplication   : No active profile set, falling back to default profiles: default
2021-11-25 11:00:42.134  INFO 1308 --- [main] o.s.b.w.embedded.tomcat.TomcatWebServer  : Tomcat initialized with port(s): 9999 (http)
2021-11-25 11:00:42.142  INFO 1308 --- [main] o.apache.catalina.core.StandardService   : Starting service [Tomcat]
2021-11-25 11:00:42.143  INFO 1308 --- [main] org.apache.catalina.core.StandardEngine  : Starting Servlet engine: [Apache Tomcat/9.0.55]
2021-11-25 11:00:42.421  INFO 1308 --- [main] org.apache.jasper.servlet.TldScanner     : At least one JAR was scanned for TLDs yet contained no TLDs. Enable debug logging for this logger for a complete list of JARs that were scanned but no TLDs were found in them. Skipping unneeded JARs during scanning can improve startup time and JSP compilation time.
2021-11-25 11:00:42.434  INFO 1308 --- [main] o.a.c.c.C.[Tomcat].[localhost].[/]       : Initializing Spring embedded WebApplicationContext
2021-11-25 11:00:42.435  INFO 1308 --- [main] w.s.c.ServletWebServerApplicationContext : Root WebApplicationContext: initialization completed in 1239 ms
2021-11-25 11:00:42.737  INFO 1308 --- [main] o.s.b.w.embedded.tomcat.TomcatWebServer  : Tomcat started on port(s): 9999 (http) with context path ''
2021-11-25 11:00:42.751  INFO 1308 --- [main] c.example.demo.SpringMvcAppApplication   : Started SpringMvcAppApplication in 2.29 seconds (JVM running for 3.387)
2021-11-25 11:00:47.518  INFO 1308 --- [http-nio-9999-exec-1] o.a.c.c.C.[Tomcat].[localhost].[/]       : Initializing Spring DispatcherServlet 'dispatcherServlet'
2021-11-25 11:00:47.519  INFO 1308 --- [http-nio-9999-exec-1] o.s.web.servlet.DispatcherServlet        : Initializing Servlet 'dispatcherServlet'
2021-11-25 11:00:47.520  INFO 1308 --- [http-nio-9999-exec-1] o.s.web.servlet.DispatcherServlet        : Completed initialization in 1 ms
2021-11-25 11:00:47.540  INFO 1308 --- [http-nio-9999-exec-1] c.e.demo.controller.HomeController       : 9999
2021-11-25 11:00:50.416  INFO 1308 --- [http-nio-9999-exec-2] c.e.demo.controller.HomeController       : John
2021-11-25 11:35:04.570  INFO 1449 --- [main] c.example.demo.SpringMvcAppApplication   : Starting SpringMvcAppApplication using Java 11.0.13 on nilay-HP-EliteBook-840-G3 with PID 1449 (/home/nilay/IdeaProjects/spring-mvc-app/target/classes started by nilay in /home/nilay/IdeaProjects/spring-mvc-app)
2021-11-25 11:35:04.577  INFO 1449 --- [main] c.example.demo.SpringMvcAppApplication   : No active profile set, falling back to default profiles: default
2021-11-25 11:35:06.002  INFO 1449 --- [main] o.s.b.w.embedded.tomcat.TomcatWebServer  : Tomcat initialized with port(s): 9999 (http)
2021-11-25 11:35:06.012  INFO 1449 --- [main] o.apache.catalina.core.StandardService   : Starting service [Tomcat]
2021-11-25 11:35:06.012  INFO 1449 --- [main] org.apache.catalina.core.StandardEngine  : Starting Servlet engine: [Apache Tomcat/9.0.55]
2021-11-25 11:35:06.401  INFO 1449 --- [main] org.apache.jasper.servlet.TldScanner     : At least one JAR was scanned for TLDs yet contained no TLDs. Enable debug logging for this logger for a complete list of JARs that were scanned but no TLDs were found in them. Skipping unneeded JARs during scanning can improve startup time and JSP compilation time.
2021-11-25 11:35:06.416  INFO 1449 --- [main] o.a.c.c.C.[Tomcat].[localhost].[/]       : Initializing Spring embedded WebApplicationContext
2021-11-25 11:35:06.416  INFO 1449 --- [main] w.s.c.ServletWebServerApplicationContext : Root WebApplicationContext: initialization completed in 1631 ms
2021-11-25 11:35:06.871  INFO 1449 --- [main] o.s.b.w.embedded.tomcat.TomcatWebServer  : Tomcat started on port(s): 9999 (http) with context path ''
2021-11-25 11:35:06.890  INFO 1449 --- [main] c.example.demo.SpringMvcAppApplication   : Started SpringMvcAppApplication in 3.483 seconds (JVM running for 4.882)
2021-11-25 11:35:22.474  INFO 1449 --- [http-nio-9999-exec-1] o.a.c.c.C.[Tomcat].[localhost].[/]       : Initializing Spring DispatcherServlet 'dispatcherServlet'
2021-11-25 11:35:22.476  INFO 1449 --- [http-nio-9999-exec-1] o.s.web.servlet.DispatcherServlet        : Initializing Servlet 'dispatcherServlet'
2021-11-25 11:35:22.480  INFO 1449 --- [http-nio-9999-exec-1] o.s.web.servlet.DispatcherServlet        : Completed initialization in 2 ms
2021-11-25 11:35:22.508  INFO 1449 --- [http-nio-9999-exec-1] c.e.demo.controller.HomeController       : 9999
2021-11-25 11:35:26.461  INFO 1449 --- [http-nio-9999-exec-2] c.e.demo.controller.HomeController       : 9999
2021-11-25 11:38:10.115  INFO 1565 --- [main] c.example.demo.SpringMvcAppApplication   : Starting SpringMvcAppApplication using Java 11.0.13 on nilay-HP-EliteBook-840-G3 with PID 1565 (/home/nilay/IdeaProjects/spring-mvc-app/target/classes started by nilay in /home/nilay/IdeaProjects/spring-mvc-app)
2021-11-25 11:38:10.119  INFO 1565 --- [main] c.example.demo.SpringMvcAppApplication   : No active profile set, falling back to default profiles: default
2021-11-25 11:38:11.444  INFO 1565 --- [main] o.s.b.w.embedded.tomcat.TomcatWebServer  : Tomcat initialized with port(s): 9999 (http)
2021-11-25 11:38:11.452  INFO 1565 --- [main] o.apache.catalina.core.StandardService   : Starting service [Tomcat]
2021-11-25 11:38:11.453  INFO 1565 --- [main] org.apache.catalina.core.StandardEngine  : Starting Servlet engine: [Apache Tomcat/9.0.55]
2021-11-25 11:38:11.799  INFO 1565 --- [main] org.apache.jasper.servlet.TldScanner     : At least one JAR was scanned for TLDs yet contained no TLDs. Enable debug logging for this logger for a complete list of JARs that were scanned but no TLDs were found in them. Skipping unneeded JARs during scanning can improve startup time and JSP compilation time.
2021-11-25 11:38:11.813  INFO 1565 --- [main] o.a.c.c.C.[Tomcat].[localhost].[/]       : Initializing Spring embedded WebApplicationContext
2021-11-25 11:38:11.814  INFO 1565 --- [main] w.s.c.ServletWebServerApplicationContext : Root WebApplicationContext: initialization completed in 1533 ms
2021-11-25 11:38:12.202  INFO 1565 --- [main] o.s.b.w.embedded.tomcat.TomcatWebServer  : Tomcat started on port(s): 9999 (http) with context path ''
2021-11-25 11:38:12.224  INFO 1565 --- [main] c.example.demo.SpringMvcAppApplication   : Started SpringMvcAppApplication in 3.256 seconds (JVM running for 4.753)
2021-11-25 11:38:15.407  INFO 1565 --- [http-nio-9999-exec-1] o.a.c.c.C.[Tomcat].[localhost].[/]       : Initializing Spring DispatcherServlet 'dispatcherServlet'
2021-11-25 11:38:15.410  INFO 1565 --- [http-nio-9999-exec-1] o.s.web.servlet.DispatcherServlet        : Initializing Servlet 'dispatcherServlet'
2021-11-25 11:38:15.413  INFO 1565 --- [http-nio-9999-exec-1] o.s.web.servlet.DispatcherServlet        : Completed initialization in 2 ms
2021-11-25 11:38:15.448  INFO 1565 --- [http-nio-9999-exec-1] c.e.demo.controller.HomeController       : 9999
2021-11-25 11:38:21.660  INFO 1565 --- [http-nio-9999-exec-2] c.e.demo.controller.HomeController       : John
2021-11-25 11:41:45.074  INFO 1664 --- [main] c.example.demo.SpringMvcAppApplication   : Starting SpringMvcAppApplication using Java 11.0.13 on nilay-HP-EliteBook-840-G3 with PID 1664 (/home/nilay/IdeaProjects/spring-mvc-app/target/classes started by nilay in /home/nilay/IdeaProjects/spring-mvc-app)
2021-11-25 11:41:45.078  INFO 1664 --- [main] c.example.demo.SpringMvcAppApplication   : No active profile set, falling back to default profiles: default
2021-11-25 11:41:46.633  INFO 1664 --- [main] o.s.b.w.embedded.tomcat.TomcatWebServer  : Tomcat initialized with port(s): 9999 (http)
2021-11-25 11:41:46.643  INFO 1664 --- [main] o.apache.catalina.core.StandardService   : Starting service [Tomcat]
2021-11-25 11:41:46.643  INFO 1664 --- [main] org.apache.catalina.core.StandardEngine  : Starting Servlet engine: [Apache Tomcat/9.0.55]
2021-11-25 11:41:47.031  INFO 1664 --- [main] org.apache.jasper.servlet.TldScanner     : At least one JAR was scanned for TLDs yet contained no TLDs. Enable debug logging for this logger for a complete list of JARs that were scanned but no TLDs were found in them. Skipping unneeded JARs during scanning can improve startup time and JSP compilation time.
2021-11-25 11:41:47.045  INFO 1664 --- [main] o.a.c.c.C.[Tomcat].[localhost].[/]       : Initializing Spring embedded WebApplicationContext
2021-11-25 11:41:47.045  INFO 1664 --- [main] w.s.c.ServletWebServerApplicationContext : Root WebApplicationContext: initialization completed in 1808 ms
2021-11-25 11:41:47.418  INFO 1664 --- [main] o.s.b.w.embedded.tomcat.TomcatWebServer  : Tomcat started on port(s): 9999 (http) with context path ''
2021-11-25 11:41:47.436  INFO 1664 --- [main] c.example.demo.SpringMvcAppApplication   : Started SpringMvcAppApplication in 3.384 seconds (JVM running for 4.66)
2021-11-25 11:42:04.261  INFO 1757 --- [main] c.example.demo.SpringMvcAppApplication   : Starting SpringMvcAppApplication using Java 11.0.13 on nilay-HP-EliteBook-840-G3 with PID 1757 (/home/nilay/IdeaProjects/spring-mvc-app/target/classes started by nilay in /home/nilay/IdeaProjects/spring-mvc-app)
2021-11-25 11:42:04.266  INFO 1757 --- [main] c.example.demo.SpringMvcAppApplication   : No active profile set, falling back to default profiles: default
2021-11-25 11:42:05.585  INFO 1757 --- [main] o.s.b.w.embedded.tomcat.TomcatWebServer  : Tomcat initialized with port(s): 9999 (http)
2021-11-25 11:42:05.594  INFO 1757 --- [main] o.apache.catalina.core.StandardService   : Starting service [Tomcat]
2021-11-25 11:42:05.594  INFO 1757 --- [main] org.apache.catalina.core.StandardEngine  : Starting Servlet engine: [Apache Tomcat/9.0.55]
2021-11-25 11:42:05.936  INFO 1757 --- [main] org.apache.jasper.servlet.TldScanner     : At least one JAR was scanned for TLDs yet contained no TLDs. Enable debug logging for this logger for a complete list of JARs that were scanned but no TLDs were found in them. Skipping unneeded JARs during scanning can improve startup time and JSP compilation time.
2021-11-25 11:42:05.949  INFO 1757 --- [main] o.a.c.c.C.[Tomcat].[localhost].[/]       : Initializing Spring embedded WebApplicationContext
2021-11-25 11:42:05.949  INFO 1757 --- [main] w.s.c.ServletWebServerApplicationContext : Root WebApplicationContext: initialization completed in 1557 ms
2021-11-25 11:42:06.318  INFO 1757 --- [main] o.s.b.w.embedded.tomcat.TomcatWebServer  : Tomcat started on port(s): 9999 (http) with context path ''
2021-11-25 11:42:06.334  INFO 1757 --- [main] c.example.demo.SpringMvcAppApplication   : Started SpringMvcAppApplication in 2.712 seconds (JVM running for 4.082)
2021-11-25 11:42:14.097  INFO 1757 --- [http-nio-9999-exec-1] o.a.c.c.C.[Tomcat].[localhost].[/]       : Initializing Spring DispatcherServlet 'dispatcherServlet'
2021-11-25 11:42:14.098  INFO 1757 --- [http-nio-9999-exec-1] o.s.web.servlet.DispatcherServlet        : Initializing Servlet 'dispatcherServlet'
2021-11-25 11:42:14.099  INFO 1757 --- [http-nio-9999-exec-1] o.s.web.servlet.DispatcherServlet        : Completed initialization in 1 ms
2021-11-25 11:42:14.120  INFO 1757 --- [http-nio-9999-exec-1] c.e.demo.controller.HomeController       : 9999
2021-11-25 11:42:33.294  INFO 1757 --- [http-nio-9999-exec-3] c.e.demo.controller.HomeController       : 9999
