2021-11-26 15:16:38.608  INFO 2035 --- [restartedMain] c.e.h.HelloWorldRestApiApplication       : Starting HelloWorldRestApiApplication using Java 11.0.13 on nilay-HP-EliteBook-840-G3 with PID 2035 (/home/nilay/IdeaProjects/hello-world-rest-api/target/classes started by nilay in /home/nilay/IdeaProjects/hello-world-rest-api)
2021-11-26 15:16:38.611  INFO 2035 --- [restartedMain] c.e.h.HelloWorldRestApiApplication       : No active profile set, falling back to default profiles: default
2021-11-26 15:16:38.707  INFO 2035 --- [restartedMain] .e.DevToolsPropertyDefaultsPostProcessor : Devtools property defaults active! Set 'spring.devtools.add-properties' to 'false' to disable
2021-11-26 15:16:38.708  INFO 2035 --- [restartedMain] .e.DevToolsPropertyDefaultsPostProcessor : For additional web related logging consider setting the 'logging.level.web' property to 'DEBUG'
2021-11-26 15:16:39.742  INFO 2035 --- [restartedMain] .s.d.r.c.RepositoryConfigurationDelegate : Bootstrapping Spring Data JPA repositories in DEFAULT mode.
2021-11-26 15:16:39.786  INFO 2035 --- [restartedMain] .s.d.r.c.RepositoryConfigurationDelegate : Finished Spring Data repository scanning in 37 ms. Found 1 JPA repository interfaces.
2021-11-26 15:16:40.278  INFO 2035 --- [restartedMain] o.s.b.w.embedded.tomcat.TomcatWebServer  : Tomcat initialized with port(s): 8081 (http)
2021-11-26 15:16:40.289  INFO 2035 --- [restartedMain] o.apache.catalina.core.StandardService   : Starting service [Tomcat]
2021-11-26 15:16:40.289  INFO 2035 --- [restartedMain] org.apache.catalina.core.StandardEngine  : Starting Servlet engine: [Apache Tomcat/9.0.55]
2021-11-26 15:16:40.391  INFO 2035 --- [restartedMain] o.a.c.c.C.[Tomcat].[localhost].[/]       : Initializing Spring embedded WebApplicationContext
2021-11-26 15:16:40.391  INFO 2035 --- [restartedMain] w.s.c.ServletWebServerApplicationContext : Root WebApplicationContext: initialization completed in 1682 ms
2021-11-26 15:16:40.631  INFO 2035 --- [restartedMain] com.zaxxer.hikari.HikariDataSource       : HikariPool-1 - Starting...
2021-11-26 15:16:40.928  INFO 2035 --- [restartedMain] com.zaxxer.hikari.HikariDataSource       : HikariPool-1 - Start completed.
2021-11-26 15:16:40.966  INFO 2035 --- [restartedMain] o.hibernate.jpa.internal.util.LogHelper  : HHH000204: Processing PersistenceUnitInfo [name: default]
2021-11-26 15:16:40.996  INFO 2035 --- [restartedMain] org.hibernate.Version                    : HHH000412: Hibernate ORM core version 5.4.32.Final
2021-11-26 15:16:41.089  INFO 2035 --- [restartedMain] o.hibernate.annotations.common.Version   : HCANN000001: Hibernate Commons Annotations {5.1.2.Final}
2021-11-26 15:16:41.197  INFO 2035 --- [restartedMain] org.hibernate.dialect.Dialect            : HHH000400: Using dialect: org.hibernate.dialect.MySQL8Dialect
2021-11-26 15:16:41.616  INFO 2035 --- [restartedMain] o.h.e.t.j.p.i.JtaPlatformInitiator       : HHH000490: Using JtaPlatform implementation: [org.hibernate.engine.transaction.jta.platform.internal.NoJtaPlatform]
2021-11-26 15:16:41.623  INFO 2035 --- [restartedMain] j.LocalContainerEntityManagerFactoryBean : Initialized JPA EntityManagerFactory for persistence unit 'default'
2021-11-26 15:16:41.852  INFO 2035 --- [restartedMain] c.e.h.service.BeerServiceImpl            : autowired done
2021-11-26 15:16:41.896  WARN 2035 --- [restartedMain] JpaBaseConfiguration$JpaWebConfiguration : spring.jpa.open-in-view is enabled by default. Therefore, database queries may be performed during view rendering. Explicitly configure spring.jpa.open-in-view to disable this warning
2021-11-26 15:16:42.595  INFO 2035 --- [restartedMain] o.s.b.d.a.OptionalLiveReloadServer       : LiveReload server is running on port 35729
2021-11-26 15:16:42.603  INFO 2035 --- [restartedMain] o.s.b.a.e.web.EndpointLinksResolver      : Exposing 1 endpoint(s) beneath base path '/actuator'
2021-11-26 15:16:42.664  INFO 2035 --- [restartedMain] o.s.b.w.embedded.tomcat.TomcatWebServer  : Tomcat started on port(s): 8081 (http) with context path ''
2021-11-26 15:16:42.696  INFO 2035 --- [restartedMain] c.e.h.HelloWorldRestApiApplication       : Started HelloWorldRestApiApplication in 4.898 seconds (JVM running for 6.088)
2021-11-26 15:16:43.255  INFO 2035 --- [RMI TCP Connection(2)-127.0.0.1] o.a.c.c.C.[Tomcat].[localhost].[/]       : Initializing Spring DispatcherServlet 'dispatcherServlet'
2021-11-26 15:16:43.256  INFO 2035 --- [RMI TCP Connection(2)-127.0.0.1] o.s.web.servlet.DispatcherServlet        : Initializing Servlet 'dispatcherServlet'
2021-11-26 15:16:43.258  INFO 2035 --- [RMI TCP Connection(2)-127.0.0.1] o.s.web.servlet.DispatcherServlet        : Completed initialization in 2 ms
2021-11-26 15:16:50.143  INFO 2035 --- [http-nio-8081-exec-1] c.e.h.controller.BeerController          : within fetchAll(Controller Layer)
2021-11-26 15:16:50.143  INFO 2035 --- [http-nio-8081-exec-1] c.e.h.service.BeerServiceImpl            : within findAll method(service layer)
2021-11-26 15:17:12.263  INFO 2035 --- [SpringApplicationShutdownHook] j.LocalContainerEntityManagerFactoryBean : Closing JPA EntityManagerFactory for persistence unit 'default'
2021-11-26 15:17:12.269  INFO 2035 --- [SpringApplicationShutdownHook] com.zaxxer.hikari.HikariDataSource       : HikariPool-1 - Shutdown initiated...
2021-11-26 15:17:12.284  INFO 2035 --- [SpringApplicationShutdownHook] com.zaxxer.hikari.HikariDataSource       : HikariPool-1 - Shutdown completed.
2021-11-26 16:12:35.251  INFO 2246 --- [restartedMain] c.e.h.HelloWorldRestApiApplication       : Starting HelloWorldRestApiApplication using Java 11.0.13 on nilay-HP-EliteBook-840-G3 with PID 2246 (/home/nilay/IdeaProjects/hello-world-rest-api/target/classes started by nilay in /home/nilay/IdeaProjects/hello-world-rest-api)
2021-11-26 16:12:35.255  INFO 2246 --- [restartedMain] c.e.h.HelloWorldRestApiApplication       : No active profile set, falling back to default profiles: default
2021-11-26 16:12:35.349  INFO 2246 --- [restartedMain] .e.DevToolsPropertyDefaultsPostProcessor : Devtools property defaults active! Set 'spring.devtools.add-properties' to 'false' to disable
2021-11-26 16:12:35.350  INFO 2246 --- [restartedMain] .e.DevToolsPropertyDefaultsPostProcessor : For additional web related logging consider setting the 'logging.level.web' property to 'DEBUG'
2021-11-26 16:12:36.602  INFO 2246 --- [restartedMain] .s.d.r.c.RepositoryConfigurationDelegate : Bootstrapping Spring Data JPA repositories in DEFAULT mode.
2021-11-26 16:12:36.652  INFO 2246 --- [restartedMain] .s.d.r.c.RepositoryConfigurationDelegate : Finished Spring Data repository scanning in 40 ms. Found 1 JPA repository interfaces.
2021-11-26 16:12:37.237  INFO 2246 --- [restartedMain] o.s.b.w.embedded.tomcat.TomcatWebServer  : Tomcat initialized with port(s): 8081 (http)
2021-11-26 16:12:37.246  INFO 2246 --- [restartedMain] o.apache.catalina.core.StandardService   : Starting service [Tomcat]
2021-11-26 16:12:37.246  INFO 2246 --- [restartedMain] org.apache.catalina.core.StandardEngine  : Starting Servlet engine: [Apache Tomcat/9.0.55]
2021-11-26 16:12:37.328  INFO 2246 --- [restartedMain] o.a.c.c.C.[Tomcat].[localhost].[/]       : Initializing Spring embedded WebApplicationContext
2021-11-26 16:12:37.328  INFO 2246 --- [restartedMain] w.s.c.ServletWebServerApplicationContext : Root WebApplicationContext: initialization completed in 1977 ms
2021-11-26 16:12:37.584  INFO 2246 --- [restartedMain] com.zaxxer.hikari.HikariDataSource       : HikariPool-1 - Starting...
2021-11-26 16:12:37.924  INFO 2246 --- [restartedMain] com.zaxxer.hikari.HikariDataSource       : HikariPool-1 - Start completed.
2021-11-26 16:12:38.010  INFO 2246 --- [restartedMain] o.hibernate.jpa.internal.util.LogHelper  : HHH000204: Processing PersistenceUnitInfo [name: default]
2021-11-26 16:12:38.053  INFO 2246 --- [restartedMain] org.hibernate.Version                    : HHH000412: Hibernate ORM core version 5.4.32.Final
2021-11-26 16:12:38.185  INFO 2246 --- [restartedMain] o.hibernate.annotations.common.Version   : HCANN000001: Hibernate Commons Annotations {5.1.2.Final}
2021-11-26 16:12:38.301  INFO 2246 --- [restartedMain] org.hibernate.dialect.Dialect            : HHH000400: Using dialect: org.hibernate.dialect.MySQL8Dialect
2021-11-26 16:12:38.737  INFO 2246 --- [restartedMain] o.h.e.t.j.p.i.JtaPlatformInitiator       : HHH000490: Using JtaPlatform implementation: [org.hibernate.engine.transaction.jta.platform.internal.NoJtaPlatform]
2021-11-26 16:12:38.745  INFO 2246 --- [restartedMain] j.LocalContainerEntityManagerFactoryBean : Initialized JPA EntityManagerFactory for persistence unit 'default'
2021-11-26 16:12:38.993  INFO 2246 --- [restartedMain] c.e.h.service.BeerServiceImpl            : autowired done
2021-11-26 16:12:39.042  WARN 2246 --- [restartedMain] JpaBaseConfiguration$JpaWebConfiguration : spring.jpa.open-in-view is enabled by default. Therefore, database queries may be performed during view rendering. Explicitly configure spring.jpa.open-in-view to disable this warning
2021-11-26 16:12:39.542  INFO 2246 --- [restartedMain] o.s.b.d.a.OptionalLiveReloadServer       : LiveReload server is running on port 35729
2021-11-26 16:12:39.548  INFO 2246 --- [restartedMain] o.s.b.a.e.web.EndpointLinksResolver      : Exposing 1 endpoint(s) beneath base path '/actuator'
2021-11-26 16:12:39.595  INFO 2246 --- [restartedMain] o.s.b.w.embedded.tomcat.TomcatWebServer  : Tomcat started on port(s): 8081 (http) with context path ''
2021-11-26 16:12:39.618  INFO 2246 --- [restartedMain] c.e.h.HelloWorldRestApiApplication       : Started HelloWorldRestApiApplication in 5.159 seconds (JVM running for 6.523)
2021-11-26 16:12:39.998  INFO 2246 --- [RMI TCP Connection(3)-127.0.0.1] o.a.c.c.C.[Tomcat].[localhost].[/]       : Initializing Spring DispatcherServlet 'dispatcherServlet'
2021-11-26 16:12:40.001  INFO 2246 --- [RMI TCP Connection(3)-127.0.0.1] o.s.web.servlet.DispatcherServlet        : Initializing Servlet 'dispatcherServlet'
2021-11-26 16:12:40.006  INFO 2246 --- [RMI TCP Connection(3)-127.0.0.1] o.s.web.servlet.DispatcherServlet        : Completed initialization in 3 ms
2021-11-26 16:13:04.314  INFO 2246 --- [http-nio-8081-exec-1] c.e.h.controller.BeerController          : within createBeer(Controller Layer)
2021-11-26 16:13:04.314  INFO 2246 --- [http-nio-8081-exec-1] c.e.h.service.BeerServiceImpl            : within createBeer method(Service Layer)
2021-11-26 16:13:44.235  INFO 2246 --- [http-nio-8081-exec-3] c.e.h.controller.BeerController          : within fetchAll(Controller Layer)
2021-11-26 16:13:44.236  INFO 2246 --- [http-nio-8081-exec-3] c.e.h.service.BeerServiceImpl            : within findAll method(service layer)
2021-11-26 16:14:44.039  INFO 2246 --- [SpringApplicationShutdownHook] j.LocalContainerEntityManagerFactoryBean : Closing JPA EntityManagerFactory for persistence unit 'default'
2021-11-26 16:14:44.048  INFO 2246 --- [SpringApplicationShutdownHook] com.zaxxer.hikari.HikariDataSource       : HikariPool-1 - Shutdown initiated...
2021-11-26 16:14:44.088  INFO 2246 --- [SpringApplicationShutdownHook] com.zaxxer.hikari.HikariDataSource       : HikariPool-1 - Shutdown completed.
2021-11-26 16:14:53.421  INFO 2380 --- [restartedMain] c.e.h.HelloWorldRestApiApplication       : Starting HelloWorldRestApiApplication using Java 11.0.13 on nilay-HP-EliteBook-840-G3 with PID 2380 (/home/nilay/IdeaProjects/hello-world-rest-api/target/classes started by nilay in /home/nilay/IdeaProjects/hello-world-rest-api)
2021-11-26 16:14:53.426  INFO 2380 --- [restartedMain] c.e.h.HelloWorldRestApiApplication       : No active profile set, falling back to default profiles: default
2021-11-26 16:14:53.540  INFO 2380 --- [restartedMain] .e.DevToolsPropertyDefaultsPostProcessor : Devtools property defaults active! Set 'spring.devtools.add-properties' to 'false' to disable
2021-11-26 16:14:53.542  INFO 2380 --- [restartedMain] .e.DevToolsPropertyDefaultsPostProcessor : For additional web related logging consider setting the 'logging.level.web' property to 'DEBUG'
2021-11-26 16:14:54.735  INFO 2380 --- [restartedMain] .s.d.r.c.RepositoryConfigurationDelegate : Bootstrapping Spring Data JPA repositories in DEFAULT mode.
2021-11-26 16:14:54.788  INFO 2380 --- [restartedMain] .s.d.r.c.RepositoryConfigurationDelegate : Finished Spring Data repository scanning in 46 ms. Found 1 JPA repository interfaces.
2021-11-26 16:14:55.386  INFO 2380 --- [restartedMain] o.s.b.w.embedded.tomcat.TomcatWebServer  : Tomcat initialized with port(s): 8081 (http)
2021-11-26 16:14:55.395  INFO 2380 --- [restartedMain] o.apache.catalina.core.StandardService   : Starting service [Tomcat]
2021-11-26 16:14:55.396  INFO 2380 --- [restartedMain] org.apache.catalina.core.StandardEngine  : Starting Servlet engine: [Apache Tomcat/9.0.55]
2021-11-26 16:14:55.486  INFO 2380 --- [restartedMain] o.a.c.c.C.[Tomcat].[localhost].[/]       : Initializing Spring embedded WebApplicationContext
2021-11-26 16:14:55.487  INFO 2380 --- [restartedMain] w.s.c.ServletWebServerApplicationContext : Root WebApplicationContext: initialization completed in 1943 ms
2021-11-26 16:14:55.750  INFO 2380 --- [restartedMain] com.zaxxer.hikari.HikariDataSource       : HikariPool-1 - Starting...
2021-11-26 16:14:56.111  INFO 2380 --- [restartedMain] com.zaxxer.hikari.HikariDataSource       : HikariPool-1 - Start completed.
2021-11-26 16:14:56.164  INFO 2380 --- [restartedMain] o.hibernate.jpa.internal.util.LogHelper  : HHH000204: Processing PersistenceUnitInfo [name: default]
2021-11-26 16:14:56.209  INFO 2380 --- [restartedMain] org.hibernate.Version                    : HHH000412: Hibernate ORM core version 5.4.32.Final
2021-11-26 16:14:56.336  INFO 2380 --- [restartedMain] o.hibernate.annotations.common.Version   : HCANN000001: Hibernate Commons Annotations {5.1.2.Final}
2021-11-26 16:14:56.443  INFO 2380 --- [restartedMain] org.hibernate.dialect.Dialect            : HHH000400: Using dialect: org.hibernate.dialect.MySQL8Dialect
2021-11-26 16:14:56.897  INFO 2380 --- [restartedMain] o.h.e.t.j.p.i.JtaPlatformInitiator       : HHH000490: Using JtaPlatform implementation: [org.hibernate.engine.transaction.jta.platform.internal.NoJtaPlatform]
2021-11-26 16:14:56.905  INFO 2380 --- [restartedMain] j.LocalContainerEntityManagerFactoryBean : Initialized JPA EntityManagerFactory for persistence unit 'default'
2021-11-26 16:14:57.203  INFO 2380 --- [restartedMain] c.e.h.service.BeerServiceImpl            : autowired done
2021-11-26 16:14:57.254  WARN 2380 --- [restartedMain] JpaBaseConfiguration$JpaWebConfiguration : spring.jpa.open-in-view is enabled by default. Therefore, database queries may be performed during view rendering. Explicitly configure spring.jpa.open-in-view to disable this warning
2021-11-26 16:14:57.901  INFO 2380 --- [restartedMain] o.s.b.d.a.OptionalLiveReloadServer       : LiveReload server is running on port 35729
2021-11-26 16:14:57.909  INFO 2380 --- [restartedMain] o.s.b.a.e.web.EndpointLinksResolver      : Exposing 1 endpoint(s) beneath base path '/actuator'
2021-11-26 16:14:57.963  INFO 2380 --- [restartedMain] o.s.b.w.embedded.tomcat.TomcatWebServer  : Tomcat started on port(s): 8081 (http) with context path ''
2021-11-26 16:14:57.987  INFO 2380 --- [restartedMain] c.e.h.HelloWorldRestApiApplication       : Started HelloWorldRestApiApplication in 5.435 seconds (JVM running for 7.043)
2021-11-26 16:14:58.359  INFO 2380 --- [RMI TCP Connection(2)-127.0.0.1] o.a.c.c.C.[Tomcat].[localhost].[/]       : Initializing Spring DispatcherServlet 'dispatcherServlet'
2021-11-26 16:14:58.360  INFO 2380 --- [RMI TCP Connection(2)-127.0.0.1] o.s.web.servlet.DispatcherServlet        : Initializing Servlet 'dispatcherServlet'
2021-11-26 16:14:58.362  INFO 2380 --- [RMI TCP Connection(2)-127.0.0.1] o.s.web.servlet.DispatcherServlet        : Completed initialization in 2 ms
2021-11-26 16:15:11.970  INFO 2380 --- [http-nio-8081-exec-1] c.e.h.controller.BeerController          : within createBeer(Controller Layer)
2021-11-26 16:15:11.971  INFO 2380 --- [http-nio-8081-exec-1] c.e.h.service.BeerServiceImpl            : within createBeer method(Service Layer)
2021-11-26 16:15:37.861  INFO 2380 --- [SpringApplicationShutdownHook] j.LocalContainerEntityManagerFactoryBean : Closing JPA EntityManagerFactory for persistence unit 'default'
2021-11-26 16:15:37.870  INFO 2380 --- [SpringApplicationShutdownHook] com.zaxxer.hikari.HikariDataSource       : HikariPool-1 - Shutdown initiated...
2021-11-26 16:15:37.893  INFO 2380 --- [SpringApplicationShutdownHook] com.zaxxer.hikari.HikariDataSource       : HikariPool-1 - Shutdown completed.
2021-11-26 16:20:16.950  INFO 2522 --- [restartedMain] c.e.h.HelloWorldRestApiApplication       : Starting HelloWorldRestApiApplication using Java 11.0.13 on nilay-HP-EliteBook-840-G3 with PID 2522 (/home/nilay/IdeaProjects/hello-world-rest-api/target/classes started by nilay in /home/nilay/IdeaProjects/hello-world-rest-api)
2021-11-26 16:20:16.954  INFO 2522 --- [restartedMain] c.e.h.HelloWorldRestApiApplication       : No active profile set, falling back to default profiles: default
2021-11-26 16:20:17.165  INFO 2522 --- [restartedMain] .e.DevToolsPropertyDefaultsPostProcessor : Devtools property defaults active! Set 'spring.devtools.add-properties' to 'false' to disable
2021-11-26 16:20:17.167  INFO 2522 --- [restartedMain] .e.DevToolsPropertyDefaultsPostProcessor : For additional web related logging consider setting the 'logging.level.web' property to 'DEBUG'
2021-11-26 16:20:18.626  INFO 2522 --- [restartedMain] .s.d.r.c.RepositoryConfigurationDelegate : Bootstrapping Spring Data JPA repositories in DEFAULT mode.
2021-11-26 16:20:18.675  INFO 2522 --- [restartedMain] .s.d.r.c.RepositoryConfigurationDelegate : Finished Spring Data repository scanning in 41 ms. Found 1 JPA repository interfaces.
2021-11-26 16:20:19.358  INFO 2522 --- [restartedMain] o.s.b.w.embedded.tomcat.TomcatWebServer  : Tomcat initialized with port(s): 8081 (http)
2021-11-26 16:20:19.375  INFO 2522 --- [restartedMain] o.apache.catalina.core.StandardService   : Starting service [Tomcat]
2021-11-26 16:20:19.376  INFO 2522 --- [restartedMain] org.apache.catalina.core.StandardEngine  : Starting Servlet engine: [Apache Tomcat/9.0.55]
2021-11-26 16:20:19.561  INFO 2522 --- [restartedMain] o.a.c.c.C.[Tomcat].[localhost].[/]       : Initializing Spring embedded WebApplicationContext
2021-11-26 16:20:19.562  INFO 2522 --- [restartedMain] w.s.c.ServletWebServerApplicationContext : Root WebApplicationContext: initialization completed in 2394 ms
2021-11-26 16:20:20.000  INFO 2522 --- [restartedMain] com.zaxxer.hikari.HikariDataSource       : HikariPool-1 - Starting...
2021-11-26 16:20:20.356  INFO 2522 --- [restartedMain] com.zaxxer.hikari.HikariDataSource       : HikariPool-1 - Start completed.
2021-11-26 16:20:20.413  INFO 2522 --- [restartedMain] o.hibernate.jpa.internal.util.LogHelper  : HHH000204: Processing PersistenceUnitInfo [name: default]
2021-11-26 16:20:20.448  INFO 2522 --- [restartedMain] org.hibernate.Version                    : HHH000412: Hibernate ORM core version 5.4.32.Final
2021-11-26 16:20:20.564  INFO 2522 --- [restartedMain] o.hibernate.annotations.common.Version   : HCANN000001: Hibernate Commons Annotations {5.1.2.Final}
2021-11-26 16:20:20.687  INFO 2522 --- [restartedMain] org.hibernate.dialect.Dialect            : HHH000400: Using dialect: org.hibernate.dialect.MySQL8Dialect
2021-11-26 16:20:21.181  INFO 2522 --- [restartedMain] o.h.e.t.j.p.i.JtaPlatformInitiator       : HHH000490: Using JtaPlatform implementation: [org.hibernate.engine.transaction.jta.platform.internal.NoJtaPlatform]
2021-11-26 16:20:21.189  INFO 2522 --- [restartedMain] j.LocalContainerEntityManagerFactoryBean : Initialized JPA EntityManagerFactory for persistence unit 'default'
2021-11-26 16:20:21.439  INFO 2522 --- [restartedMain] c.e.h.service.BeerServiceImpl            : autowired done
2021-11-26 16:20:21.489  WARN 2522 --- [restartedMain] JpaBaseConfiguration$JpaWebConfiguration : spring.jpa.open-in-view is enabled by default. Therefore, database queries may be performed during view rendering. Explicitly configure spring.jpa.open-in-view to disable this warning
2021-11-26 16:20:22.112  INFO 2522 --- [restartedMain] o.s.b.d.a.OptionalLiveReloadServer       : LiveReload server is running on port 35729
2021-11-26 16:20:22.119  INFO 2522 --- [restartedMain] o.s.b.a.e.web.EndpointLinksResolver      : Exposing 1 endpoint(s) beneath base path '/actuator'
2021-11-26 16:20:22.181  INFO 2522 --- [restartedMain] o.s.b.w.embedded.tomcat.TomcatWebServer  : Tomcat started on port(s): 8081 (http) with context path ''
2021-11-26 16:20:22.206  INFO 2522 --- [restartedMain] c.e.h.HelloWorldRestApiApplication       : Started HelloWorldRestApiApplication in 6.171 seconds (JVM running for 7.522)
2021-11-26 16:20:22.664  INFO 2522 --- [RMI TCP Connection(3)-127.0.0.1] o.a.c.c.C.[Tomcat].[localhost].[/]       : Initializing Spring DispatcherServlet 'dispatcherServlet'
2021-11-26 16:20:22.665  INFO 2522 --- [RMI TCP Connection(3)-127.0.0.1] o.s.web.servlet.DispatcherServlet        : Initializing Servlet 'dispatcherServlet'
2021-11-26 16:20:22.667  INFO 2522 --- [RMI TCP Connection(3)-127.0.0.1] o.s.web.servlet.DispatcherServlet        : Completed initialization in 1 ms
2021-11-26 16:20:27.770  INFO 2522 --- [http-nio-8081-exec-1] c.e.h.controller.BeerController          : within fetchAll(Controller Layer)
2021-11-26 16:20:27.770  INFO 2522 --- [http-nio-8081-exec-1] c.e.h.service.BeerServiceImpl            : within findAll method(service layer)
2021-11-26 16:20:40.010  INFO 2522 --- [http-nio-8081-exec-3] c.e.h.service.BeerServiceImpl            : within findById method(service layer)
2021-11-26 16:20:45.840  INFO 2522 --- [http-nio-8081-exec-4] c.e.h.service.BeerServiceImpl            : within findById method(service layer)
2021-11-26 16:20:49.725  INFO 2522 --- [http-nio-8081-exec-5] c.e.h.service.BeerServiceImpl            : within findById method(service layer)
2021-11-26 16:20:53.147  INFO 2522 --- [http-nio-8081-exec-6] c.e.h.service.BeerServiceImpl            : within findById method(service layer)
2021-11-26 16:21:01.292  INFO 2522 --- [http-nio-8081-exec-7] c.e.h.service.BeerServiceImpl            : within findById method(service layer)
2021-11-26 16:21:01.321 ERROR 2522 --- [http-nio-8081-exec-7] o.a.c.c.C.[.[.[/].[dispatcherServlet]    : Servlet.service() for servlet [dispatcherServlet] in context with path [] threw exception [Request processing failed; nested exception is java.util.NoSuchElementException: No value present] with root cause

java.util.NoSuchElementException: No value present
	at java.base/java.util.Optional.get(Optional.java:148) ~[na:na]
	at com.example.helloworldrestapi.service.BeerServiceImpl.getBeerById(BeerServiceImpl.java:42) ~[classes/:na]
	at com.example.helloworldrestapi.controller.BeerController.getById(BeerController.java:42) ~[classes/:na]
	at java.base/jdk.internal.reflect.NativeMethodAccessorImpl.invoke0(Native Method) ~[na:na]
	at java.base/jdk.internal.reflect.NativeMethodAccessorImpl.invoke(NativeMethodAccessorImpl.java:62) ~[na:na]
	at java.base/jdk.internal.reflect.DelegatingMethodAccessorImpl.invoke(DelegatingMethodAccessorImpl.java:43) ~[na:na]
	at java.base/java.lang.reflect.Method.invoke(Method.java:566) ~[na:na]
	at org.springframework.web.method.support.InvocableHandlerMethod.doInvoke(InvocableHandlerMethod.java:205) ~[spring-web-5.3.13.jar:5.3.13]
	at org.springframework.web.method.support.InvocableHandlerMethod.invokeForRequest(InvocableHandlerMethod.java:150) ~[spring-web-5.3.13.jar:5.3.13]
	at org.springframework.web.servlet.mvc.method.annotation.ServletInvocableHandlerMethod.invokeAndHandle(ServletInvocableHandlerMethod.java:117) ~[spring-webmvc-5.3.13.jar:5.3.13]
	at org.springframework.web.servlet.mvc.method.annotation.RequestMappingHandlerAdapter.invokeHandlerMethod(RequestMappingHandlerAdapter.java:895) ~[spring-webmvc-5.3.13.jar:5.3.13]
	at org.springframework.web.servlet.mvc.method.annotation.RequestMappingHandlerAdapter.handleInternal(RequestMappingHandlerAdapter.java:808) ~[spring-webmvc-5.3.13.jar:5.3.13]
	at org.springframework.web.servlet.mvc.method.AbstractHandlerMethodAdapter.handle(AbstractHandlerMethodAdapter.java:87) ~[spring-webmvc-5.3.13.jar:5.3.13]
	at org.springframework.web.servlet.DispatcherServlet.doDispatch(DispatcherServlet.java:1067) ~[spring-webmvc-5.3.13.jar:5.3.13]
	at org.springframework.web.servlet.DispatcherServlet.doService(DispatcherServlet.java:963) ~[spring-webmvc-5.3.13.jar:5.3.13]
	at org.springframework.web.servlet.FrameworkServlet.processRequest(FrameworkServlet.java:1006) ~[spring-webmvc-5.3.13.jar:5.3.13]
	at org.springframework.web.servlet.FrameworkServlet.doGet(FrameworkServlet.java:898) ~[spring-webmvc-5.3.13.jar:5.3.13]
	at javax.servlet.http.HttpServlet.service(HttpServlet.java:655) ~[tomcat-embed-core-9.0.55.jar:4.0.FR]
	at org.springframework.web.servlet.FrameworkServlet.service(FrameworkServlet.java:883) ~[spring-webmvc-5.3.13.jar:5.3.13]
	at javax.servlet.http.HttpServlet.service(HttpServlet.java:764) ~[tomcat-embed-core-9.0.55.jar:4.0.FR]
	at org.apache.catalina.core.ApplicationFilterChain.internalDoFilter(ApplicationFilterChain.java:227) ~[tomcat-embed-core-9.0.55.jar:9.0.55]
	at org.apache.catalina.core.ApplicationFilterChain.doFilter(ApplicationFilterChain.java:162) ~[tomcat-embed-core-9.0.55.jar:9.0.55]
	at org.apache.tomcat.websocket.server.WsFilter.doFilter(WsFilter.java:53) ~[tomcat-embed-websocket-9.0.55.jar:9.0.55]
	at org.apache.catalina.core.ApplicationFilterChain.internalDoFilter(ApplicationFilterChain.java:189) ~[tomcat-embed-core-9.0.55.jar:9.0.55]
	at org.apache.catalina.core.ApplicationFilterChain.doFilter(ApplicationFilterChain.java:162) ~[tomcat-embed-core-9.0.55.jar:9.0.55]
	at org.springframework.web.filter.RequestContextFilter.doFilterInternal(RequestContextFilter.java:100) ~[spring-web-5.3.13.jar:5.3.13]
	at org.springframework.web.filter.OncePerRequestFilter.doFilter(OncePerRequestFilter.java:119) ~[spring-web-5.3.13.jar:5.3.13]
	at org.apache.catalina.core.ApplicationFilterChain.internalDoFilter(ApplicationFilterChain.java:189) ~[tomcat-embed-core-9.0.55.jar:9.0.55]
	at org.apache.catalina.core.ApplicationFilterChain.doFilter(ApplicationFilterChain.java:162) ~[tomcat-embed-core-9.0.55.jar:9.0.55]
	at org.springframework.web.filter.FormContentFilter.doFilterInternal(FormContentFilter.java:93) ~[spring-web-5.3.13.jar:5.3.13]
	at org.springframework.web.filter.OncePerRequestFilter.doFilter(OncePerRequestFilter.java:119) ~[spring-web-5.3.13.jar:5.3.13]
	at org.apache.catalina.core.ApplicationFilterChain.internalDoFilter(ApplicationFilterChain.java:189) ~[tomcat-embed-core-9.0.55.jar:9.0.55]
	at org.apache.catalina.core.ApplicationFilterChain.doFilter(ApplicationFilterChain.java:162) ~[tomcat-embed-core-9.0.55.jar:9.0.55]
	at org.springframework.boot.actuate.metrics.web.servlet.WebMvcMetricsFilter.doFilterInternal(WebMvcMetricsFilter.java:96) ~[spring-boot-actuator-2.5.7.jar:2.5.7]
	at org.springframework.web.filter.OncePerRequestFilter.doFilter(OncePerRequestFilter.java:119) ~[spring-web-5.3.13.jar:5.3.13]
	at org.apache.catalina.core.ApplicationFilterChain.internalDoFilter(ApplicationFilterChain.java:189) ~[tomcat-embed-core-9.0.55.jar:9.0.55]
	at org.apache.catalina.core.ApplicationFilterChain.doFilter(ApplicationFilterChain.java:162) ~[tomcat-embed-core-9.0.55.jar:9.0.55]
	at org.springframework.web.filter.CharacterEncodingFilter.doFilterInternal(CharacterEncodingFilter.java:201) ~[spring-web-5.3.13.jar:5.3.13]
	at org.springframework.web.filter.OncePerRequestFilter.doFilter(OncePerRequestFilter.java:119) ~[spring-web-5.3.13.jar:5.3.13]
	at org.apache.catalina.core.ApplicationFilterChain.internalDoFilter(ApplicationFilterChain.java:189) ~[tomcat-embed-core-9.0.55.jar:9.0.55]
	at org.apache.catalina.core.ApplicationFilterChain.doFilter(ApplicationFilterChain.java:162) ~[tomcat-embed-core-9.0.55.jar:9.0.55]
	at org.apache.catalina.core.StandardWrapperValve.invoke(StandardWrapperValve.java:197) ~[tomcat-embed-core-9.0.55.jar:9.0.55]
	at org.apache.catalina.core.StandardContextValve.invoke(StandardContextValve.java:97) ~[tomcat-embed-core-9.0.55.jar:9.0.55]
	at org.apache.catalina.authenticator.AuthenticatorBase.invoke(AuthenticatorBase.java:540) ~[tomcat-embed-core-9.0.55.jar:9.0.55]
	at org.apache.catalina.core.StandardHostValve.invoke(StandardHostValve.java:135) ~[tomcat-embed-core-9.0.55.jar:9.0.55]
	at org.apache.catalina.valves.ErrorReportValve.invoke(ErrorReportValve.java:92) ~[tomcat-embed-core-9.0.55.jar:9.0.55]
	at org.apache.catalina.core.StandardEngineValve.invoke(StandardEngineValve.java:78) ~[tomcat-embed-core-9.0.55.jar:9.0.55]
	at org.apache.catalina.connector.CoyoteAdapter.service(CoyoteAdapter.java:357) ~[tomcat-embed-core-9.0.55.jar:9.0.55]
	at org.apache.coyote.http11.Http11Processor.service(Http11Processor.java:382) ~[tomcat-embed-core-9.0.55.jar:9.0.55]
	at org.apache.coyote.AbstractProcessorLight.process(AbstractProcessorLight.java:65) ~[tomcat-embed-core-9.0.55.jar:9.0.55]
	at org.apache.coyote.AbstractProtocol$ConnectionHandler.process(AbstractProtocol.java:895) ~[tomcat-embed-core-9.0.55.jar:9.0.55]
	at org.apache.tomcat.util.net.NioEndpoint$SocketProcessor.doRun(NioEndpoint.java:1722) ~[tomcat-embed-core-9.0.55.jar:9.0.55]
	at org.apache.tomcat.util.net.SocketProcessorBase.run(SocketProcessorBase.java:49) ~[tomcat-embed-core-9.0.55.jar:9.0.55]
	at org.apache.tomcat.util.threads.ThreadPoolExecutor.runWorker(ThreadPoolExecutor.java:1191) ~[tomcat-embed-core-9.0.55.jar:9.0.55]
	at org.apache.tomcat.util.threads.ThreadPoolExecutor$Worker.run(ThreadPoolExecutor.java:659) ~[tomcat-embed-core-9.0.55.jar:9.0.55]
	at org.apache.tomcat.util.threads.TaskThread$WrappingRunnable.run(TaskThread.java:61) ~[tomcat-embed-core-9.0.55.jar:9.0.55]
	at java.base/java.lang.Thread.run(Thread.java:829) ~[na:na]

2021-11-26 16:21:36.612  INFO 2522 --- [SpringApplicationShutdownHook] j.LocalContainerEntityManagerFactoryBean : Closing JPA EntityManagerFactory for persistence unit 'default'
2021-11-26 16:21:36.624  INFO 2522 --- [SpringApplicationShutdownHook] com.zaxxer.hikari.HikariDataSource       : HikariPool-1 - Shutdown initiated...
2021-11-26 16:21:36.648  INFO 2522 --- [SpringApplicationShutdownHook] com.zaxxer.hikari.HikariDataSource       : HikariPool-1 - Shutdown completed.
